c:\users\hukuna\documents\opengl_modern\pgpm_jore_v\opengl_renderer\renderer\renderer\x64\release\vc141.pdb
c:\users\hukuna\documents\opengl_modern\pgpm_jore_v\opengl_renderer\renderer\renderer\x64\release\texture.obj
c:\users\hukuna\documents\opengl_modern\pgpm_jore_v\opengl_renderer\renderer\renderer\x64\release\main.obj
c:\users\hukuna\documents\opengl_modern\pgpm_jore_v\opengl_renderer\renderer\renderer\x64\release\vec4.obj
c:\users\hukuna\documents\opengl_modern\pgpm_jore_v\opengl_renderer\renderer\renderer\x64\release\vec3.obj
c:\users\hukuna\documents\opengl_modern\pgpm_jore_v\opengl_renderer\renderer\renderer\x64\release\mat4.obj
c:\users\hukuna\documents\opengl_modern\pgpm_jore_v\opengl_renderer\renderer\renderer\x64\release\shader.obj
c:\users\hukuna\documents\opengl_modern\pgpm_jore_v\opengl_renderer\renderer\renderer\x64\release\objloader.obj
c:\users\hukuna\documents\opengl_modern\pgpm_jore_v\opengl_renderer\renderer\renderer\x64\release\model.obj
c:\users\hukuna\documents\opengl_modern\pgpm_jore_v\opengl_renderer\renderer\renderer\x64\release\mesh.obj
c:\users\hukuna\documents\opengl_modern\pgpm_jore_v\opengl_renderer\renderer\renderer\x64\release\camera.obj
c:\users\hukuna\documents\opengl_modern\pgpm_jore_v\opengl_renderer\renderer\renderer\x64\release\renderer.obj
c:\users\hukuna\documents\opengl_modern\pgpm_jore_v\opengl_renderer\renderer\x64\release\renderer.exe
c:\users\hukuna\documents\opengl_modern\pgpm_jore_v\opengl_renderer\renderer\x64\release\renderer.pdb
c:\users\hukuna\documents\opengl_modern\pgpm_jore_v\opengl_renderer\renderer\x64\release\renderer.ipdb
c:\users\hukuna\documents\opengl_modern\pgpm_jore_v\opengl_renderer\renderer\x64\release\renderer.iobj
c:\users\hukuna\documents\opengl_modern\pgpm_jore_v\opengl_renderer\renderer\renderer\x64\release\renderer.tlog\cl.command.1.tlog
c:\users\hukuna\documents\opengl_modern\pgpm_jore_v\opengl_renderer\renderer\renderer\x64\release\renderer.tlog\cl.read.1.tlog
c:\users\hukuna\documents\opengl_modern\pgpm_jore_v\opengl_renderer\renderer\renderer\x64\release\renderer.tlog\cl.write.1.tlog
c:\users\hukuna\documents\opengl_modern\pgpm_jore_v\opengl_renderer\renderer\renderer\x64\release\renderer.tlog\link.command.1.tlog
c:\users\hukuna\documents\opengl_modern\pgpm_jore_v\opengl_renderer\renderer\renderer\x64\release\renderer.tlog\link.read.1.tlog
c:\users\hukuna\documents\opengl_modern\pgpm_jore_v\opengl_renderer\renderer\renderer\x64\release\renderer.tlog\link.write.1.tlog
c:\users\hukuna\documents\opengl_modern\pgpm_jore_v\opengl_renderer\renderer\renderer\x64\release\renderer.tlog\renderer.write.1u.tlog
