c:\users\v.jore\source\repos\pgpm_jore_v\opengl_renderer\renderer\renderer\debug\vc141.pdb
c:\users\v.jore\source\repos\pgpm_jore_v\opengl_renderer\renderer\renderer\debug\vc141.idb
c:\users\v.jore\source\repos\pgpm_jore_v\opengl_renderer\renderer\renderer\debug\main.obj
c:\users\v.jore\source\repos\pgpm_jore_v\opengl_renderer\renderer\renderer\debug\vec4.obj
c:\users\v.jore\source\repos\pgpm_jore_v\opengl_renderer\renderer\renderer\debug\vec3.obj
c:\users\v.jore\source\repos\pgpm_jore_v\opengl_renderer\renderer\renderer\debug\mat4.obj
c:\users\v.jore\source\repos\pgpm_jore_v\opengl_renderer\renderer\renderer\debug\shader.obj
c:\users\v.jore\source\repos\pgpm_jore_v\opengl_renderer\renderer\renderer\debug\texture.obj
c:\users\v.jore\source\repos\pgpm_jore_v\opengl_renderer\renderer\renderer\debug\objloader.obj
c:\users\v.jore\source\repos\pgpm_jore_v\opengl_renderer\renderer\renderer\debug\model.obj
c:\users\v.jore\source\repos\pgpm_jore_v\opengl_renderer\renderer\debug\renderer.exe
c:\users\v.jore\source\repos\pgpm_jore_v\opengl_renderer\renderer\debug\renderer.ilk
c:\users\v.jore\source\repos\pgpm_jore_v\opengl_renderer\renderer\debug\renderer.pdb
c:\users\v.jore\source\repos\pgpm_jore_v\opengl_renderer\renderer\renderer\debug\objloader.obj.enc
c:\users\v.jore\source\repos\pgpm_jore_v\opengl_renderer\renderer\renderer\debug\renderer.tlog\cl.command.1.tlog
c:\users\v.jore\source\repos\pgpm_jore_v\opengl_renderer\renderer\renderer\debug\renderer.tlog\cl.read.1.tlog
c:\users\v.jore\source\repos\pgpm_jore_v\opengl_renderer\renderer\renderer\debug\renderer.tlog\cl.write.1.tlog
c:\users\v.jore\source\repos\pgpm_jore_v\opengl_renderer\renderer\renderer\debug\renderer.tlog\link.command.1.tlog
c:\users\v.jore\source\repos\pgpm_jore_v\opengl_renderer\renderer\renderer\debug\renderer.tlog\link.read.1.tlog
c:\users\v.jore\source\repos\pgpm_jore_v\opengl_renderer\renderer\renderer\debug\renderer.tlog\link.write.1.tlog
